<?xml version="1.0" encoding="UTF-8"?>
<!-- Generated by org.testng.reporters.JUnitXMLReporter -->
<testsuite ignored="0" hostname="DESKTOP-16ASU4V" failures="0" tests="2" name="Surefire test" time="3.57" errors="0" timestamp="2021-09-23T17:29:36 EDT">
  <testcase classname="com.bangladesh.TestRunner.TestRunner_BD" name="@BeforeTest LaunchApplicationURL" time="3.065">
    <failure type="org.openqa.selenium.SessionNotCreatedException" message="session not created: This version of ChromeDriver only supports Chrome version 91
Current browser version is 93.0.4577.82 with binary path C:\Program Files\Google\Chrome\Application\chrome.exe
Build info: version: &amp;apos;3.14.0&amp;apos;, revision: &amp;apos;aacccce0&amp;apos;, time: &amp;apos;2018-08-02T20:19:58.91Z&amp;apos;
System info: host: &amp;apos;DESKTOP-16ASU4V&amp;apos;, ip: &amp;apos;169.254.222.109&amp;apos;, os.name: &amp;apos;Windows 10&amp;apos;, os.arch: &amp;apos;amd64&amp;apos;, os.version: &amp;apos;10.0&amp;apos;, java.version: &amp;apos;15.0.2&amp;apos;
Driver info: driver.version: ChromeDriver
remote stacktrace: Backtrace:
	Ordinal0 [0x00E23733+2504499]
	Ordinal0 [0x00DBC401+2081793]
	Ordinal0 [0x00CC2628+1058344]
	Ordinal0 [0x00CE071A+1181466]
	Ordinal0 [0x00CDC58C+1164684]
	Ordinal0 [0x00CD9DC3+1154499]
	Ordinal0 [0x00D09B82+1350530]
	Ordinal0 [0x00D097DA+1349594]
	Ordinal0 [0x00D05D4B+1334603]
	Ordinal0 [0x00CE22B4+1188532]
	Ordinal0 [0x00CE3149+1192265]
	GetHandleVerifier [0x00F9FB8C+1512252]
	GetHandleVerifier [0x0104B0DF+2214031]
	GetHandleVerifier [0x00EA4BC3+484211]
	GetHandleVerifier [0x00EA3E69+480793]
	Ordinal0 [0x00DC218D+2105741]
	Ordinal0 [0x00DC66E8+2123496]
	Ordinal0 [0x00DC6827+2123815]
	Ordinal0 [0x00DCFB73+2161523]
	BaseThreadInitThunk [0x75C1FA29+25]
	RtlGetAppContainerNamedObjectPath [0x77657A7E+286]
	RtlGetAppContainerNamedObjectPath [0x77657A4E+238]
">
      <![CDATA[org.openqa.selenium.SessionNotCreatedException: session not created: This version of ChromeDriver only supports Chrome version 91
Current browser version is 93.0.4577.82 with binary path C:\Program Files\Google\Chrome\Application\chrome.exe
Build info: version: '3.14.0', revision: 'aacccce0', time: '2018-08-02T20:19:58.91Z'
System info: host: 'DESKTOP-16ASU4V', ip: '169.254.222.109', os.name: 'Windows 10', os.arch: 'amd64', os.version: '10.0', java.version: '15.0.2'
Driver info: driver.version: ChromeDriver
remote stacktrace: Backtrace:
Ordinal0 [0x00E23733+2504499]
Ordinal0 [0x00DBC401+2081793]
Ordinal0 [0x00CC2628+1058344]
Ordinal0 [0x00CE071A+1181466]
Ordinal0 [0x00CDC58C+1164684]
Ordinal0 [0x00CD9DC3+1154499]
Ordinal0 [0x00D09B82+1350530]
Ordinal0 [0x00D097DA+1349594]
Ordinal0 [0x00D05D4B+1334603]
Ordinal0 [0x00CE22B4+1188532]
Ordinal0 [0x00CE3149+1192265]
GetHandleVerifier [0x00F9FB8C+1512252]
GetHandleVerifier [0x0104B0DF+2214031]
GetHandleVerifier [0x00EA4BC3+484211]
GetHandleVerifier [0x00EA3E69+480793]
Ordinal0 [0x00DC218D+2105741]
Ordinal0 [0x00DC66E8+2123496]
Ordinal0 [0x00DC6827+2123815]
Ordinal0 [0x00DCFB73+2161523]
BaseThreadInitThunk [0x75C1FA29+25]
RtlGetAppContainerNamedObjectPath [0x77657A7E+286]
RtlGetAppContainerNamedObjectPath [0x77657A4E+238]

at org.openqa.selenium.remote.W3CHandshakeResponse.lambda$new$0(W3CHandshakeResponse.java:57)
at org.openqa.selenium.remote.W3CHandshakeResponse.lambda$getResponseFunction$2(W3CHandshakeResponse.java:104)
at org.openqa.selenium.remote.ProtocolHandshake.lambda$createSession$0(ProtocolHandshake.java:122)
at java.base/java.util.stream.ReferencePipeline$3$1.accept(ReferencePipeline.java:195)
at java.base/java.util.Spliterators$ArraySpliterator.tryAdvance(Spliterators.java:958)
at java.base/java.util.stream.ReferencePipeline.forEachWithCancel(ReferencePipeline.java:127)
at java.base/java.util.stream.AbstractPipeline.copyIntoWithCancel(AbstractPipeline.java:502)
at java.base/java.util.stream.AbstractPipeline.copyInto(AbstractPipeline.java:488)
at java.base/java.util.stream.AbstractPipeline.wrapAndCopyInto(AbstractPipeline.java:474)
at java.base/java.util.stream.FindOps$FindOp.evaluateSequential(FindOps.java:150)
at java.base/java.util.stream.AbstractPipeline.evaluate(AbstractPipeline.java:234)
at java.base/java.util.stream.ReferencePipeline.findFirst(ReferencePipeline.java:543)
at org.openqa.selenium.remote.ProtocolHandshake.createSession(ProtocolHandshake.java:125)
at org.openqa.selenium.remote.ProtocolHandshake.createSession(ProtocolHandshake.java:73)
at org.openqa.selenium.remote.HttpCommandExecutor.execute(HttpCommandExecutor.java:136)
at org.openqa.selenium.remote.service.DriverCommandExecutor.execute(DriverCommandExecutor.java:83)
at org.openqa.selenium.remote.RemoteWebDriver.execute(RemoteWebDriver.java:548)
at org.openqa.selenium.remote.RemoteWebDriver.startSession(RemoteWebDriver.java:212)
at org.openqa.selenium.remote.RemoteWebDriver.<init>(RemoteWebDriver.java:130)
at org.openqa.selenium.chrome.ChromeDriver.<init>(ChromeDriver.java:181)
at org.openqa.selenium.chrome.ChromeDriver.<init>(ChromeDriver.java:168)
at org.openqa.selenium.chrome.ChromeDriver.<init>(ChromeDriver.java:123)
at com.bangladesh.Util.TestBase_BD.initz(TestBase_BD.java:42)
at com.bangladesh.TestRunner.TestRunner_BD.LaunchApplicationURL(TestRunner_BD.java:25)
... Removed 34 stack frames]]>
    </failure>
  </testcase> <!-- @BeforeTest LaunchApplicationURL -->
  <testcase classname="com.bangladesh.TestRunner.TestRunner_BD" name="@AfterTest CloseApplicationURL" time="-1.632432576358E9">
    <skipped/>
  </testcase> <!-- @AfterTest CloseApplicationURL -->
  <testcase classname="cucumber.api.testng.AbstractTestNGCucumberTests" name="feature" time="0.0">
    <skipped/>
  </testcase> <!-- feature -->
  <testcase classname="cucumber.api.testng.AbstractTestNGCucumberTests" name="feature" time="0.0">
    <skipped/>
  </testcase> <!-- feature -->
</testsuite> <!-- Surefire test -->
