<?xml version="1.0" encoding="UTF-8"?>
<testsuite xmlns:xsi="http://www.w3.org/2001/XMLSchema-instance" xsi:noNamespaceSchemaLocation="https://maven.apache.org/surefire/maven-surefire-plugin/xsd/surefire-test-report.xsd" name="TestSuite" time="4.164" tests="4" errors="0" skipped="3" failures="1">
  <properties>
[...]
</properties>
  <testcase name="LaunchApplicationURL" classname="com.bangladesh.TestRunner.TestRunner_BD" time="3.461">
    <failure message="session not created: This version of ChromeDriver only supports Chrome version 91&#10;Current browser version is 93.0.4577.82 with binary path C:\Program Files\Google\Chrome\Application\chrome.exe&#10;Build info: version: &apos;3.14.0&apos;, revision: &apos;aacccce0&apos;, time: &apos;2018-08-02T20:19:58.91Z&apos;&#10;System info: host: &apos;DESKTOP-16ASU4V&apos;, ip: &apos;169.254.222.109&apos;, os.name: &apos;Windows 10&apos;, os.arch: &apos;amd64&apos;, os.version: &apos;10.0&apos;, java.version: &apos;15.0.2&apos;&#10;Driver info: driver.version: ChromeDriver&#10;remote stacktrace: Backtrace:&#10;	Ordinal0 [0x00E23733+2504499]&#10;	Ordinal0 [0x00DBC401+2081793]&#10;	Ordinal0 [0x00CC2628+1058344]&#10;	Ordinal0 [0x00CE071A+1181466]&#10;	Ordinal0 [0x00CDC58C+1164684]&#10;	Ordinal0 [0x00CD9DC3+1154499]&#10;	Ordinal0 [0x00D09B82+1350530]&#10;	Ordinal0 [0x00D097DA+1349594]&#10;	Ordinal0 [0x00D05D4B+1334603]&#10;	Ordinal0 [0x00CE22B4+1188532]&#10;	Ordinal0 [0x00CE3149+1192265]&#10;	GetHandleVerifier [0x00F9FB8C+1512252]&#10;	GetHandleVerifier [0x0104B0DF+2214031]&#10;	GetHandleVerifier [0x00EA4BC3+484211]&#10;	GetHandleVerifier [0x00EA3E69+480793]&#10;	Ordinal0 [0x00DC218D+2105741]&#10;	Ordinal0 [0x00DC66E8+2123496]&#10;	Ordinal0 [0x00DC6827+2123815]&#10;	Ordinal0 [0x00DCFB73+2161523]&#10;	BaseThreadInitThunk [0x75C1FA29+25]&#10;	RtlGetAppContainerNamedObjectPath [0x77657A7E+286]&#10;	RtlGetAppContainerNamedObjectPath [0x77657A4E+238]&#10;" type="org.openqa.selenium.SessionNotCreatedException">org.openqa.selenium.SessionNotCreatedException: 
session not created: This version of ChromeDriver only supports Chrome version 91
Current browser version is 93.0.4577.82 with binary path C:\Program Files\Google\Chrome\Application\chrome.exe
Build info: version: '3.14.0', revision: 'aacccce0', time: '2018-08-02T20:19:58.91Z'
System info: host: 'DESKTOP-16ASU4V', ip: '169.254.222.109', os.name: 'Windows 10', os.arch: 'amd64', os.version: '10.0', java.version: '15.0.2'
Driver info: driver.version: ChromeDriver
remote stacktrace: Backtrace:
	Ordinal0 [0x00E23733+2504499]
	Ordinal0 [0x00DBC401+2081793]
	Ordinal0 [0x00CC2628+1058344]
	Ordinal0 [0x00CE071A+1181466]
	Ordinal0 [0x00CDC58C+1164684]
	Ordinal0 [0x00CD9DC3+1154499]
	Ordinal0 [0x00D09B82+1350530]
	Ordinal0 [0x00D097DA+1349594]
	Ordinal0 [0x00D05D4B+1334603]
	Ordinal0 [0x00CE22B4+1188532]
	Ordinal0 [0x00CE3149+1192265]
	GetHandleVerifier [0x00F9FB8C+1512252]
	GetHandleVerifier [0x0104B0DF+2214031]
	GetHandleVerifier [0x00EA4BC3+484211]
	GetHandleVerifier [0x00EA3E69+480793]
	Ordinal0 [0x00DC218D+2105741]
	Ordinal0 [0x00DC66E8+2123496]
	Ordinal0 [0x00DC6827+2123815]
	Ordinal0 [0x00DCFB73+2161523]
	BaseThreadInitThunk [0x75C1FA29+25]
	RtlGetAppContainerNamedObjectPath [0x77657A7E+286]
	RtlGetAppContainerNamedObjectPath [0x77657A4E+238]

	at com.bangladesh.TestRunner.TestRunner_BD.LaunchApplicationURL(TestRunner_BD.java:25)
</failure>
    <system-err><![CDATA[Starting ChromeDriver 91.0.4472.101 (af52a90bf87030dd1523486a1cd3ae25c5d76c9b-refs/branch-heads/4472@{#1462}) on port 29918
Only local connections are allowed.
Please see https://chromedriver.chromium.org/security-considerations for suggestions on keeping ChromeDriver safe.
ChromeDriver was started successfully.
]]></system-err>
  </testcase>
  <testcase name="feature" classname="com.bangladesh.TestRunner.TestRunner_BD" time="0">
    <skipped message="session not created: This version of ChromeDriver only supports Chrome version 91&#10;Current browser version is 93.0.4577.82 with binary path C:\Program Files\Google\Chrome\Application\chrome.exe&#10;Build info: version: &apos;3.14.0&apos;, revision: &apos;aacccce0&apos;, time: &apos;2018-08-02T20:19:58.91Z&apos;&#10;System info: host: &apos;DESKTOP-16ASU4V&apos;, ip: &apos;169.254.222.109&apos;, os.name: &apos;Windows 10&apos;, os.arch: &apos;amd64&apos;, os.version: &apos;10.0&apos;, java.version: &apos;15.0.2&apos;&#10;Driver info: driver.version: ChromeDriver&#10;remote stacktrace: Backtrace:&#10;	Ordinal0 [0x00E23733+2504499]&#10;	Ordinal0 [0x00DBC401+2081793]&#10;	Ordinal0 [0x00CC2628+1058344]&#10;	Ordinal0 [0x00CE071A+1181466]&#10;	Ordinal0 [0x00CDC58C+1164684]&#10;	Ordinal0 [0x00CD9DC3+1154499]&#10;	Ordinal0 [0x00D09B82+1350530]&#10;	Ordinal0 [0x00D097DA+1349594]&#10;	Ordinal0 [0x00D05D4B+1334603]&#10;	Ordinal0 [0x00CE22B4+1188532]&#10;	Ordinal0 [0x00CE3149+1192265]&#10;	GetHandleVerifier [0x00F9FB8C+1512252]&#10;	GetHandleVerifier [0x0104B0DF+2214031]&#10;	GetHandleVerifier [0x00EA4BC3+484211]&#10;	GetHandleVerifier [0x00EA3E69+480793]&#10;	Ordinal0 [0x00DC218D+2105741]&#10;	Ordinal0 [0x00DC66E8+2123496]&#10;	Ordinal0 [0x00DC6827+2123815]&#10;	Ordinal0 [0x00DCFB73+2161523]&#10;	BaseThreadInitThunk [0x75C1FA29+25]&#10;	RtlGetAppContainerNamedObjectPath [0x77657A7E+286]&#10;	RtlGetAppContainerNamedObjectPath [0x77657A4E+238]&#10;"/>
  </testcase>
  <testcase name="feature" classname="com.bangladesh.TestRunner.TestRunner_BD" time="0">
    <skipped message="session not created: This version of ChromeDriver only supports Chrome version 91&#10;Current browser version is 93.0.4577.82 with binary path C:\Program Files\Google\Chrome\Application\chrome.exe&#10;Build info: version: &apos;3.14.0&apos;, revision: &apos;aacccce0&apos;, time: &apos;2018-08-02T20:19:58.91Z&apos;&#10;System info: host: &apos;DESKTOP-16ASU4V&apos;, ip: &apos;169.254.222.109&apos;, os.name: &apos;Windows 10&apos;, os.arch: &apos;amd64&apos;, os.version: &apos;10.0&apos;, java.version: &apos;15.0.2&apos;&#10;Driver info: driver.version: ChromeDriver&#10;remote stacktrace: Backtrace:&#10;	Ordinal0 [0x00E23733+2504499]&#10;	Ordinal0 [0x00DBC401+2081793]&#10;	Ordinal0 [0x00CC2628+1058344]&#10;	Ordinal0 [0x00CE071A+1181466]&#10;	Ordinal0 [0x00CDC58C+1164684]&#10;	Ordinal0 [0x00CD9DC3+1154499]&#10;	Ordinal0 [0x00D09B82+1350530]&#10;	Ordinal0 [0x00D097DA+1349594]&#10;	Ordinal0 [0x00D05D4B+1334603]&#10;	Ordinal0 [0x00CE22B4+1188532]&#10;	Ordinal0 [0x00CE3149+1192265]&#10;	GetHandleVerifier [0x00F9FB8C+1512252]&#10;	GetHandleVerifier [0x0104B0DF+2214031]&#10;	GetHandleVerifier [0x00EA4BC3+484211]&#10;	GetHandleVerifier [0x00EA3E69+480793]&#10;	Ordinal0 [0x00DC218D+2105741]&#10;	Ordinal0 [0x00DC66E8+2123496]&#10;	Ordinal0 [0x00DC6827+2123815]&#10;	Ordinal0 [0x00DCFB73+2161523]&#10;	BaseThreadInitThunk [0x75C1FA29+25]&#10;	RtlGetAppContainerNamedObjectPath [0x77657A7E+286]&#10;	RtlGetAppContainerNamedObjectPath [0x77657A4E+238]&#10;"/>
  </testcase>
  <testcase name="CloseApplicationURL" classname="com.bangladesh.TestRunner.TestRunner_BD" time="0">
    <skipped/>
    <system-out><![CDATA[
0 Scenarios
0 Steps
0m0.000s

]]></system-out>
  </testcase>
</testsuite>